[info] [2019-06-04 11:16:10] ::1 - POST /api/user/updateByPassword?password=222222&resRassword=222222&code=1111111 token:2Wd5wvvxDYUfXrYHbPZh6nTnsF9P8h3P7fh0Il8WT9xavXfOCTK8yyPQSLxl6EaBjYNLZZbCZmt1A8nIlcP0oD3OeIBRTVJG3FdywuPkzxSS 200 - 776.317 ms PostmanRuntime/7.13.0 

[info] [2019-06-04 11:17:16] ::1 - POST /api/user/updateByPassword?password=222222&resRassword=222222&code=1111111 token:2Wd5wvvxDYUfXrYHbPZh6nTnsF9P8h3P7fh0Il8WT9xavXfOCTK8yyPQSLxl6EaBjYNLZZbCZmt1A8nIlcP0oD3OeIBRTVJG3FdywuPkzxSS 200 - 359.033 ms PostmanRuntime/7.13.0 

[info] [2019-06-04 11:17:53] ::1 - POST /api/user/updateByPassword?password=222222&resRassword=222222&code=1111111 token:2Wd5wvvxDYUfXrYHbPZh6nTnsF9P8h3P7fh0Il8WT9xavXfOCTK8yyPQSLxl6EaBjYNLZZbCZmt1A8nIlcP0oD3OeIBRTVJG3FdywuPkzxSS 200 - 18058.478 ms PostmanRuntime/7.13.0 

[info] [2019-06-04 11:18:02] ::1 - POST /api/user/updateByPassword?password=222222&resPassword=222222&code=1111111 token:2Wd5wvvxDYUfXrYHbPZh6nTnsF9P8h3P7fh0Il8WT9xavXfOCTK8yyPQSLxl6EaBjYNLZZbCZmt1A8nIlcP0oD3OeIBRTVJG3FdywuPkzxSS 200 - 7108.673 ms PostmanRuntime/7.13.0 

[info] [2019-06-04 11:18:27] ::1 - POST /api/user/updateByPassword?password=222222&resPassword=222222&code=1111111 token:2Wd5wvvxDYUfXrYHbPZh6nTnsF9P8h3P7fh0Il8WT9xavXfOCTK8yyPQSLxl6EaBjYNLZZbCZmt1A8nIlcP0oD3OeIBRTVJG3FdywuPkzxSS 200 - 5039.282 ms PostmanRuntime/7.13.0 

[info] [2019-06-04 11:19:04] ::1 - POST /api/user/updateByPassword?password=333333&resPassword=333333&code=1111111 token:2Wd5wvvxDYUfXrYHbPZh6nTnsF9P8h3P7fh0Il8WT9xavXfOCTK8yyPQSLxl6EaBjYNLZZbCZmt1A8nIlcP0oD3OeIBRTVJG3FdywuPkzxSS 200 - 4029.716 ms PostmanRuntime/7.13.0 

[info] [2019-06-04 11:21:26] ::1 - POST /api/user/updateByPassword?password=333333&resPassword=333333&code=1111111 token:2Wd5wvvxDYUfXrYHbPZh6nTnsF9P8h3P7fh0Il8WT9xavXfOCTK8yyPQSLxl6EaBjYNLZZbCZmt1A8nIlcP0oD3OeIBRTVJG3FdywuPkzxSS 200 - 105544.296 ms PostmanRuntime/7.13.0 

[info] [2019-06-04 11:22:44] ::1 - POST /api/user/updateByPassword?password=333333&resPassword=333333&code=1111111 token:2Wd5wvvxDYUfXrYHbPZh6nTnsF9P8h3P7fh0Il8WT9xavXfOCTK8yyPQSLxl6EaBjYNLZZbCZmt1A8nIlcP0oD3OeIBRTVJG3FdywuPkzxSS 200 - 74177.107 ms PostmanRuntime/7.13.0 

[info] [2019-06-04 11:23:09] ::1 - POST /api/user/updateByPassword?password=333333&resPassword=333333&code=1111111 token:2Wd5wvvxDYUfXrYHbPZh6nTnsF9P8h3P7fh0Il8WT9xavXfOCTK8yyPQSLxl6EaBjYNLZZbCZmt1A8nIlcP0oD3OeIBRTVJG3FdywuPkzxSS 200 - 921.881 ms PostmanRuntime/7.13.0 

[info] [2019-06-04 11:31:02] ::1 - POST /api/user/updateByName token:2Wd5wvvxDYUfXrYHbPZh6nTnsF9P8h3P7fh0Il8WT9xavXfOCTK8yyPQSLxl6EaBjYNLZZbCZmt1A8nIlcP0oD3OeIBRTVJG3FdywuPkzxSS 200 http://localhost:3000/apidoc/ 43.307 ms Mozilla/5.0 (Windows NT 10.0; WOW64) AppleWebKit/537.36 (KHTML, like Gecko) Chrome/72.0.3626.121 Safari/537.36 

[info] [2019-06-04 11:31:14] ::1 - POST /api/user/updateByName token:2Wd5wvvxDYUfXrYHbPZh6nTnsF9P8h3P7fh0Il8WT9xavXfOCTK8yyPQSLxl6EaBjYNLZZbCZmt1A8nIlcP0oD3OeIBRTVJG3FdywuPkzxSS 200 http://localhost:3000/apidoc/ 480.045 ms Mozilla/5.0 (Windows NT 10.0; WOW64) AppleWebKit/537.36 (KHTML, like Gecko) Chrome/72.0.3626.121 Safari/537.36 

[info] [2019-06-04 11:31:30] ::1 - POST /api/user/updateByName token:2Wd5wvvxDYUfXrYHbPZh6nTnsF9P8h3P7fh0Il8WT9xavXfOCTK8yyPQSLxl6EaBjYNLZZbCZmt1A8nIlcP0oD3OeIBRTVJG3FdywuPkzxSS 200 http://localhost:3000/apidoc/ 308.254 ms Mozilla/5.0 (Windows NT 10.0; WOW64) AppleWebKit/537.36 (KHTML, like Gecko) Chrome/72.0.3626.121 Safari/537.36 

[info] [2019-06-04 11:32:08] ::1 - POST /api/user/updateByName token:2Wd5wvvxDYUfXrYHbPZh6nTnsF9P8h3P7fh0Il8WT9xavXfOCTK8yyPQSLxl6EaBjYNLZZbCZmt1A8nIlcP0oD3OeIBRTVJG3FdywuPkzxSS 200 http://localhost:3000/apidoc/ 444.747 ms Mozilla/5.0 (Windows NT 10.0; WOW64) AppleWebKit/537.36 (KHTML, like Gecko) Chrome/72.0.3626.121 Safari/537.36 

[info] [2019-06-04 11:32:11] ::1 - POST /api/user/updateByName token:2Wd5wvvxDYUfXrYHbPZh6nTnsF9P8h3P7fh0Il8WT9xavXfOCTK8yyPQSLxl6EaBjYNLZZbCZmt1A8nIlcP0oD3OeIBRTVJG3FdywuPkzxSS 200 http://localhost:3000/apidoc/ 179.074 ms Mozilla/5.0 (Windows NT 10.0; WOW64) AppleWebKit/537.36 (KHTML, like Gecko) Chrome/72.0.3626.121 Safari/537.36 

[info] [2019-06-04 11:32:46] ::1 - POST /api/user/updateByName token:2Wd5wvvxDYUfXrYHbPZh6nTnsF9P8h3P7fh0Il8WT9xavXfOCTK8yyPQSLxl6EaBjYNLZZbCZmt1A8nIlcP0oD3OeIBRTVJG3FdywuPkzxSS 200 http://localhost:3000/apidoc/ 10864.697 ms Mozilla/5.0 (Windows NT 10.0; WOW64) AppleWebKit/537.36 (KHTML, like Gecko) Chrome/72.0.3626.121 Safari/537.36 

[info] [2019-06-04 11:33:20] ::1 - POST /api/user/updateByName token:2Wd5wvvxDYUfXrYHbPZh6nTnsF9P8h3P7fh0Il8WT9xavXfOCTK8yyPQSLxl6EaBjYNLZZbCZmt1A8nIlcP0oD3OeIBRTVJG3FdywuPkzxSS 200 http://localhost:3000/apidoc/ 1058.267 ms Mozilla/5.0 (Windows NT 10.0; WOW64) AppleWebKit/537.36 (KHTML, like Gecko) Chrome/72.0.3626.121 Safari/537.36 

[info] [2019-06-04 11:33:48] ::1 - POST /api/user/updateByName token:2Wd5wvvxDYUfXrYHbPZh6nTnsF9P8h3P7fh0Il8WT9xavXfOCTK8yyPQSLxl6EaBjYNLZZbCZmt1A8nIlcP0oD3OeIBRTVJG3FdywuPkzxSS 200 http://localhost:3000/apidoc/ 464.446 ms Mozilla/5.0 (Windows NT 10.0; WOW64) AppleWebKit/537.36 (KHTML, like Gecko) Chrome/72.0.3626.121 Safari/537.36 

[info] [2019-06-04 11:33:52] ::1 - POST /api/user/updateByName token:2Wd5wvvxDYUfXrYHbPZh6nTnsF9P8h3P7fh0Il8WT9xavXfOCTK8yyPQSLxl6EaBjYNLZZbCZmt1A8nIlcP0oD3OeIBRTVJG3FdywuPkzxSS 200 http://localhost:3000/apidoc/ 138.774 ms Mozilla/5.0 (Windows NT 10.0; WOW64) AppleWebKit/537.36 (KHTML, like Gecko) Chrome/72.0.3626.121 Safari/537.36 

[info] [2019-06-04 13:48:41] ::1 - POST /api/user/updateByPhoto token: 200 http://localhost:3000/apidoc/ 5.943 ms Mozilla/5.0 (Windows NT 10.0; WOW64) AppleWebKit/537.36 (KHTML, like Gecko) Chrome/72.0.3626.121 Safari/537.36 

[info] [2019-06-04 13:49:16] ::1 - POST /api/user/updateByPhoto token: 200 http://localhost:3000/apidoc/ 6.219 ms Mozilla/5.0 (Windows NT 10.0; WOW64) AppleWebKit/537.36 (KHTML, like Gecko) Chrome/72.0.3626.121 Safari/537.36 

[info] [2019-06-04 13:49:20] ::1 - POST /api/user/updateByPhoto token: 200 http://localhost:3000/apidoc/ 2.173 ms Mozilla/5.0 (Windows NT 10.0; WOW64) AppleWebKit/537.36 (KHTML, like Gecko) Chrome/72.0.3626.121 Safari/537.36 

[info] [2019-06-04 13:51:27] ::1 - POST /api/user/updateByPhoto token: 200 http://localhost:3000/apidoc/ 10.431 ms Mozilla/5.0 (Windows NT 10.0; WOW64) AppleWebKit/537.36 (KHTML, like Gecko) Chrome/72.0.3626.121 Safari/537.36 

[info] [2019-06-04 13:52:20] ::1 - POST /api/user/updateByPhoto token: 200 http://localhost:3000/apidoc/ 19554.819 ms Mozilla/5.0 (Windows NT 10.0; WOW64) AppleWebKit/537.36 (KHTML, like Gecko) Chrome/72.0.3626.121 Safari/537.36 

[info] [2019-06-04 13:52:36] ::1 - POST /api/user/updateByPhoto token: 200 http://localhost:3000/apidoc/ 11.072 ms Mozilla/5.0 (Windows NT 10.0; WOW64) AppleWebKit/537.36 (KHTML, like Gecko) Chrome/72.0.3626.121 Safari/537.36 

[info] [2019-06-04 13:52:38] ::1 - POST /api/user/updateByPhoto token: 200 http://localhost:3000/apidoc/ 1.835 ms Mozilla/5.0 (Windows NT 10.0; WOW64) AppleWebKit/537.36 (KHTML, like Gecko) Chrome/72.0.3626.121 Safari/537.36 

[info] [2019-06-04 13:54:03] ::1 - POST /api/user/updateByPhoto token: 200 http://localhost:3000/apidoc/ 9.641 ms Mozilla/5.0 (Windows NT 10.0; WOW64) AppleWebKit/537.36 (KHTML, like Gecko) Chrome/72.0.3626.121 Safari/537.36 

[info] [2019-06-04 13:54:25] ::1 - POST /api/user/updateByPhoto token: 200 http://localhost:3000/apidoc/ 2.841 ms Mozilla/5.0 (Windows NT 10.0; WOW64) AppleWebKit/537.36 (KHTML, like Gecko) Chrome/72.0.3626.121 Safari/537.36 

[info] [2019-06-04 13:54:48] ::1 - POST /api/user/updateByPhoto token: 200 http://localhost:3000/apidoc/ 1.589 ms Mozilla/5.0 (Windows NT 10.0; WOW64) AppleWebKit/537.36 (KHTML, like Gecko) Chrome/72.0.3626.121 Safari/537.36 

[info] [2019-06-04 13:54:49] ::1 - POST /api/user/updateByPhoto token: 200 http://localhost:3000/apidoc/ 1.350 ms Mozilla/5.0 (Windows NT 10.0; WOW64) AppleWebKit/537.36 (KHTML, like Gecko) Chrome/72.0.3626.121 Safari/537.36 

[info] [2019-06-04 13:54:51] ::1 - POST /api/user/updateByPhoto token: 200 http://localhost:3000/apidoc/ 1.349 ms Mozilla/5.0 (Windows NT 10.0; WOW64) AppleWebKit/537.36 (KHTML, like Gecko) Chrome/72.0.3626.121 Safari/537.36 

[info] [2019-06-04 13:55:12] ::1 - GET /api/captcha/get-img-verify token:undefined 200 http://localhost:3000/apidoc/ 10.574 ms Mozilla/5.0 (Windows NT 10.0; WOW64) AppleWebKit/537.36 (KHTML, like Gecko) Chrome/72.0.3626.121 Safari/537.36 

[info] [2019-06-04 13:55:14] ::1 - GET /api/captcha/get-img-verify token:undefined 200 http://localhost:3000/apidoc/ 5.225 ms Mozilla/5.0 (Windows NT 10.0; WOW64) AppleWebKit/537.36 (KHTML, like Gecko) Chrome/72.0.3626.121 Safari/537.36 

[info] [2019-06-04 13:55:33] ::1 - GET /api/user/show token:2Wd5wvvxDYUfXrYHbPZh6nTnsF9P8h3P7fh0Il8WT9xavXfOCTK8yyPQSLxl6EaBjYNLZZbCZmt1A8nIlcP0oD3OeIBRTVJG3FdywuPkzxSS 200 http://localhost:3000/apidoc/ 646.548 ms Mozilla/5.0 (Windows NT 10.0; WOW64) AppleWebKit/537.36 (KHTML, like Gecko) Chrome/72.0.3626.121 Safari/537.36 

[info] [2019-06-04 13:55:46] ::1 - POST /api/user/updateByPhoto token: 200 http://localhost:3000/apidoc/ 1.599 ms Mozilla/5.0 (Windows NT 10.0; WOW64) AppleWebKit/537.36 (KHTML, like Gecko) Chrome/72.0.3626.121 Safari/537.36 

[info] [2019-06-04 13:55:48] ::1 - POST /api/user/updateByPhoto token: 200 http://localhost:3000/apidoc/ 1.899 ms Mozilla/5.0 (Windows NT 10.0; WOW64) AppleWebKit/537.36 (KHTML, like Gecko) Chrome/72.0.3626.121 Safari/537.36 

[info] [2019-06-04 13:56:10] ::1 - POST /api/user/updateByPhoto token: 200 http://localhost:3000/apidoc/ 1.653 ms Mozilla/5.0 (Windows NT 10.0; WOW64) AppleWebKit/537.36 (KHTML, like Gecko) Chrome/72.0.3626.121 Safari/537.36 

[info] [2019-06-04 13:56:50] ::1 - POST /api/user/updateByPhoto token: 200 http://localhost:3000/apidoc/ 9.477 ms Mozilla/5.0 (Windows NT 10.0; WOW64) AppleWebKit/537.36 (KHTML, like Gecko) Chrome/72.0.3626.121 Safari/537.36 

[info] [2019-06-04 13:57:48] ::1 - POST /api/user/updateByPhoto token: 200 http://localhost:3000/apidoc/ 46487.867 ms Mozilla/5.0 (Windows NT 10.0; WOW64) AppleWebKit/537.36 (KHTML, like Gecko) Chrome/72.0.3626.121 Safari/537.36 

[info] [2019-06-04 13:58:14] ::1 - GET /api/user/show token:2Wd5wvvxDYUfXrYHbPZh6nTnsF9P8h3P7fh0Il8WT9xavXfOCTK8yyPQSLxl6EaBjYNLZZbCZmt1A8nIlcP0oD3OeIBRTVJG3FdywuPkzxSS 304 http://localhost:3000/apidoc/ 11678.467 ms Mozilla/5.0 (Windows NT 10.0; WOW64) AppleWebKit/537.36 (KHTML, like Gecko) Chrome/72.0.3626.121 Safari/537.36 

[info] [2019-06-04 13:59:36] ::1 - GET /api/user/show token:2Wd5wvvxDYUfXrYHbPZh6nTnsF9P8h3P7fh0Il8WT9xavXfOCTK8yyPQSLxl6EaBjYNLZZbCZmt1A8nIlcP0oD3OeIBRTVJG3FdywuPkzxSS 304 http://localhost:3000/apidoc/ 16262.126 ms Mozilla/5.0 (Windows NT 10.0; WOW64) AppleWebKit/537.36 (KHTML, like Gecko) Chrome/72.0.3626.121 Safari/537.36 

[info] [2019-06-04 14:00:11] ::1 - POST /api/user/updateByPhoto token: 200 http://localhost:3000/apidoc/ 8.750 ms Mozilla/5.0 (Windows NT 10.0; WOW64) AppleWebKit/537.36 (KHTML, like Gecko) Chrome/72.0.3626.121 Safari/537.36 

[info] [2019-06-04 14:00:13] ::1 - POST /api/user/updateByPhoto token: 200 http://localhost:3000/apidoc/ 1.881 ms Mozilla/5.0 (Windows NT 10.0; WOW64) AppleWebKit/537.36 (KHTML, like Gecko) Chrome/72.0.3626.121 Safari/537.36 

[info] [2019-06-04 14:02:07] ::1 - POST /api/user/updateByPhoto?photo=xxxxxx token:2Wd5wvvxDYUfXrYHbPZh6nTnsF9P8h3P7fh0Il8WT9xavXfOCTK8yyPQSLxl6EaBjYNLZZbCZmt1A8nIlcP0oD3OeIBRTVJG3FdywuPkzxSS 200 - 22672.526 ms PostmanRuntime/7.13.0 

[info] [2019-06-04 14:02:19] ::1 - POST /api/user/updateByPhoto?photo=xxxxxx213123123132 token:2Wd5wvvxDYUfXrYHbPZh6nTnsF9P8h3P7fh0Il8WT9xavXfOCTK8yyPQSLxl6EaBjYNLZZbCZmt1A8nIlcP0oD3OeIBRTVJG3FdywuPkzxSS 200 - 352.655 ms PostmanRuntime/7.13.0 

[info] [2019-06-04 14:02:58] ::1 - POST /api/user/updateByPhoto token:2Wd5wvvxDYUfXrYHbPZh6nTnsF9P8h3P7fh0Il8WT9xavXfOCTK8yyPQSLxl6EaBjYNLZZbCZmt1A8nIlcP0oD3OeIBRTVJG3FdywuPkzxSS 200 - 64.707 ms PostmanRuntime/7.13.0 

[info] [2019-06-04 14:03:27] ::1 - POST /api/user/updateByPhoto token: 200 http://localhost:3000/apidoc/ 1.993 ms Mozilla/5.0 (Windows NT 10.0; WOW64) AppleWebKit/537.36 (KHTML, like Gecko) Chrome/72.0.3626.121 Safari/537.36 

[info] [2019-06-04 14:12:42] ::1 - GET /api/task/show token:2Wd5wvvxDYUfXrYHbPZh6nTnsF9P8h3P7fh0Il8WT9xavXfOCTK8yyPQSLxl6EaBjYNLZZbCZmt1A8nIlcP0oD3OeIBRTVJG3FdywuPkzxSS 200 http://localhost:3000/apidoc/ 290.795 ms Mozilla/5.0 (Windows NT 10.0; WOW64) AppleWebKit/537.36 (KHTML, like Gecko) Chrome/72.0.3626.121 Safari/537.36 

[info] [2019-06-04 14:12:56] ::1 - GET /api/task/show token:2Wd5wvvxDYUfXrYHbPZh6nTnsF9P8h3P7fh0Il8WT9xavXfOCTK8yyPQSLxl6EaBjYNLZZbCZmt1A8nIlcP0oD3OeIBRTVJG3FdywuPkzxSS 200 http://localhost:3000/apidoc/ 1051.686 ms Mozilla/5.0 (Windows NT 10.0; WOW64) AppleWebKit/537.36 (KHTML, like Gecko) Chrome/72.0.3626.121 Safari/537.36 

[info] [2019-06-04 14:28:48] ::1 - GET /api/task/show token:2Wd5wvvxDYUfXrYHbPZh6nTnsF9P8h3P7fh0Il8WT9xavXfOCTK8yyPQSLxl6EaBjYNLZZbCZmt1A8nIlcP0oD3OeIBRTVJG3FdywuPkzxSS 200 http://localhost:3000/apidoc/ 337.727 ms Mozilla/5.0 (Windows NT 10.0; WOW64) AppleWebKit/537.36 (KHTML, like Gecko) Chrome/72.0.3626.121 Safari/537.36 

[info] [2019-06-04 14:39:33] ::1 - POST /api/order/updateByStatus token:2Wd5wvvxDYUfXrYHbPZh6nTnsF9P8h3P7fh0Il8WT9xavXfOCTK8yyPQSLxl6EaBjYNLZZbCZmt1A8nIlcP0oD3OeIBRTVJG3FdywuPkzxSS 200 http://localhost:3000/apidoc/ 708.847 ms Mozilla/5.0 (Windows NT 10.0; WOW64) AppleWebKit/537.36 (KHTML, like Gecko) Chrome/72.0.3626.121 Safari/537.36 

[info] [2019-06-04 14:41:04] ::1 - POST /api/order/updateByStatus token:2Wd5wvvxDYUfXrYHbPZh6nTnsF9P8h3P7fh0Il8WT9xavXfOCTK8yyPQSLxl6EaBjYNLZZbCZmt1A8nIlcP0oD3OeIBRTVJG3FdywuPkzxSS 200 http://localhost:3000/apidoc/ 69506.829 ms Mozilla/5.0 (Windows NT 10.0; WOW64) AppleWebKit/537.36 (KHTML, like Gecko) Chrome/72.0.3626.121 Safari/537.36 

[info] [2019-06-04 14:41:42] ::1 - POST /api/order/updateByStatus?status=1 token:2Wd5wvvxDYUfXrYHbPZh6nTnsF9P8h3P7fh0Il8WT9xavXfOCTK8yyPQSLxl6EaBjYNLZZbCZmt1A8nIlcP0oD3OeIBRTVJG3FdywuPkzxSS 200 - 478.734 ms PostmanRuntime/7.13.0 

[info] [2019-06-04 14:43:11] ::1 - POST /api/order/updateByStatus token:2Wd5wvvxDYUfXrYHbPZh6nTnsF9P8h3P7fh0Il8WT9xavXfOCTK8yyPQSLxl6EaBjYNLZZbCZmt1A8nIlcP0oD3OeIBRTVJG3FdywuPkzxSS 200 http://localhost:3000/apidoc/ 457.326 ms Mozilla/5.0 (Windows NT 10.0; WOW64) AppleWebKit/537.36 (KHTML, like Gecko) Chrome/72.0.3626.121 Safari/537.36 

[info] [2019-06-04 14:43:51] ::1 - POST /api/order/updateByStatus token:2Wd5wvvxDYUfXrYHbPZh6nTnsF9P8h3P7fh0Il8WT9xavXfOCTK8yyPQSLxl6EaBjYNLZZbCZmt1A8nIlcP0oD3OeIBRTVJG3FdywuPkzxSS 200 http://localhost:3000/apidoc/ 7052.041 ms Mozilla/5.0 (Windows NT 10.0; WOW64) AppleWebKit/537.36 (KHTML, like Gecko) Chrome/72.0.3626.121 Safari/537.36 

[info] [2019-06-04 15:10:12] ::1 - POST /api/address/updateByIsDefault token:2Wd5wvvxDYUfXrYHbPZh6nTnsF9P8h3P7fh0Il8WT9xavXfOCTK8yyPQSLxl6EaBjYNLZZbCZmt1A8nIlcP0oD3OeIBRTVJG3FdywuPkzxSS 200 http://localhost:3000/apidoc/ 36511.310 ms Mozilla/5.0 (Windows NT 10.0; WOW64) AppleWebKit/537.36 (KHTML, like Gecko) Chrome/72.0.3626.121 Safari/537.36 

[info] [2019-06-04 15:11:17] ::1 - POST /api/address/updateByIsDefault token:2Wd5wvvxDYUfXrYHbPZh6nTnsF9P8h3P7fh0Il8WT9xavXfOCTK8yyPQSLxl6EaBjYNLZZbCZmt1A8nIlcP0oD3OeIBRTVJG3FdywuPkzxSS 200 http://localhost:3000/apidoc/ 375.087 ms Mozilla/5.0 (Windows NT 10.0; WOW64) AppleWebKit/537.36 (KHTML, like Gecko) Chrome/72.0.3626.121 Safari/537.36 

[info] [2019-06-04 15:12:27] ::1 - POST /api/address/updateByIsDefault token:2Wd5wvvxDYUfXrYHbPZh6nTnsF9P8h3P7fh0Il8WT9xavXfOCTK8yyPQSLxl6EaBjYNLZZbCZmt1A8nIlcP0oD3OeIBRTVJG3FdywuPkzxSS 200 http://localhost:3000/apidoc/ 15567.777 ms Mozilla/5.0 (Windows NT 10.0; WOW64) AppleWebKit/537.36 (KHTML, like Gecko) Chrome/72.0.3626.121 Safari/537.36 

[info] [2019-06-04 15:12:46] ::1 - POST /api/address/updateByIsDefault token:2Wd5wvvxDYUfXrYHbPZh6nTnsF9P8h3P7fh0Il8WT9xavXfOCTK8yyPQSLxl6EaBjYNLZZbCZmt1A8nIlcP0oD3OeIBRTVJG3FdywuPkzxSS 200 http://localhost:3000/apidoc/ 376.973 ms Mozilla/5.0 (Windows NT 10.0; WOW64) AppleWebKit/537.36 (KHTML, like Gecko) Chrome/72.0.3626.121 Safari/537.36 

[info] [2019-06-04 15:13:25] ::1 - POST /api/address/updateByIsDefault token:2Wd5wvvxDYUfXrYHbPZh6nTnsF9P8h3P7fh0Il8WT9xavXfOCTK8yyPQSLxl6EaBjYNLZZbCZmt1A8nIlcP0oD3OeIBRTVJG3FdywuPkzxSS 200 http://localhost:3000/apidoc/ 387.053 ms Mozilla/5.0 (Windows NT 10.0; WOW64) AppleWebKit/537.36 (KHTML, like Gecko) Chrome/72.0.3626.121 Safari/537.36 

[info] [2019-06-04 15:13:52] ::1 - POST /api/address/updateByIsDefault token:2Wd5wvvxDYUfXrYHbPZh6nTnsF9P8h3P7fh0Il8WT9xavXfOCTK8yyPQSLxl6EaBjYNLZZbCZmt1A8nIlcP0oD3OeIBRTVJG3FdywuPkzxSS 200 http://localhost:3000/apidoc/ 92.333 ms Mozilla/5.0 (Windows NT 10.0; WOW64) AppleWebKit/537.36 (KHTML, like Gecko) Chrome/72.0.3626.121 Safari/537.36 

[info] [2019-06-04 15:14:02] ::1 - POST /api/address/updateByIsDefault token:2Wd5wvvxDYUfXrYHbPZh6nTnsF9P8h3P7fh0Il8WT9xavXfOCTK8yyPQSLxl6EaBjYNLZZbCZmt1A8nIlcP0oD3OeIBRTVJG3FdywuPkzxSS 200 http://localhost:3000/apidoc/ 88.540 ms Mozilla/5.0 (Windows NT 10.0; WOW64) AppleWebKit/537.36 (KHTML, like Gecko) Chrome/72.0.3626.121 Safari/537.36 

[info] [2019-06-04 15:14:10] ::1 - POST /api/address/updateByIsDefault token:2Wd5wvvxDYUfXrYHbPZh6nTnsF9P8h3P7fh0Il8WT9xavXfOCTK8yyPQSLxl6EaBjYNLZZbCZmt1A8nIlcP0oD3OeIBRTVJG3FdywuPkzxSS 200 http://localhost:3000/apidoc/ 87.122 ms Mozilla/5.0 (Windows NT 10.0; WOW64) AppleWebKit/537.36 (KHTML, like Gecko) Chrome/72.0.3626.121 Safari/537.36 

[info] [2019-06-04 15:14:31] ::1 - POST /api/address/updateByIsDefault token:2Wd5wvvxDYUfXrYHbPZh6nTnsF9P8h3P7fh0Il8WT9xavXfOCTK8yyPQSLxl6EaBjYNLZZbCZmt1A8nIlcP0oD3OeIBRTVJG3FdywuPkzxSS 200 http://localhost:3000/apidoc/ 89.466 ms Mozilla/5.0 (Windows NT 10.0; WOW64) AppleWebKit/537.36 (KHTML, like Gecko) Chrome/72.0.3626.121 Safari/537.36 

[info] [2019-06-04 15:15:43] ::1 - POST /api/address/updateByIsDefault token:2Wd5wvvxDYUfXrYHbPZh6nTnsF9P8h3P7fh0Il8WT9xavXfOCTK8yyPQSLxl6EaBjYNLZZbCZmt1A8nIlcP0oD3OeIBRTVJG3FdywuPkzxSS 200 http://localhost:3000/apidoc/ 17177.217 ms Mozilla/5.0 (Windows NT 10.0; WOW64) AppleWebKit/537.36 (KHTML, like Gecko) Chrome/72.0.3626.121 Safari/537.36 

[info] [2019-06-04 15:17:42] ::1 - POST /api/address/updateByIsDefault token:2Wd5wvvxDYUfXrYHbPZh6nTnsF9P8h3P7fh0Il8WT9xavXfOCTK8yyPQSLxl6EaBjYNLZZbCZmt1A8nIlcP0oD3OeIBRTVJG3FdywuPkzxSS 200 http://localhost:3000/apidoc/ 4779.192 ms Mozilla/5.0 (Windows NT 10.0; WOW64) AppleWebKit/537.36 (KHTML, like Gecko) Chrome/72.0.3626.121 Safari/537.36 

[info] [2019-06-04 15:52:42] ::1 - GET /api/classify/find token:2Wd5wvvxDYUfXrYHbPZh6nTnsF9P8h3P7fh0Il8WT9xavXfOCTK8yyPQSLxl6EaBjYNLZZbCZmt1A8nIlcP0oD3OeIBRTVJG3FdywuPkzxSS 200 - 343.251 ms PostmanRuntime/7.13.0 

[info] [2019-06-04 15:55:43] ::1 - GET /api/classify/find token:2Wd5wvvxDYUfXrYHbPZh6nTnsF9P8h3P7fh0Il8WT9xavXfOCTK8yyPQSLxl6EaBjYNLZZbCZmt1A8nIlcP0oD3OeIBRTVJG3FdywuPkzxSS 200 http://localhost:3001/apidoc/ 348.833 ms Mozilla/5.0 (Windows NT 10.0; WOW64) AppleWebKit/537.36 (KHTML, like Gecko) Chrome/72.0.3626.121 Safari/537.36 

[info] [2019-06-04 16:15:47] ::1 - GET / token:undefined 200 - 3.107 ms Mozilla/5.0 (Windows NT 10.0; WOW64) AppleWebKit/537.36 (KHTML, like Gecko) Chrome/72.0.3626.121 Safari/537.36 

[info] [2019-06-04 16:15:47] ::1 - GET /favicon.ico token:undefined 200 http://localhost:3001/ 2.117 ms Mozilla/5.0 (Windows NT 10.0; WOW64) AppleWebKit/537.36 (KHTML, like Gecko) Chrome/72.0.3626.121 Safari/537.36 

[info] [2019-06-04 16:19:35] ::1 - GET / token:undefined 200 - 21.997 ms Mozilla/5.0 (Windows NT 10.0; WOW64) AppleWebKit/537.36 (KHTML, like Gecko) Chrome/72.0.3626.121 Safari/537.36 

[info] [2019-06-04 16:19:36] ::1 - GET /favicon.ico token:undefined 200 http://localhost:3001/ 6.286 ms Mozilla/5.0 (Windows NT 10.0; WOW64) AppleWebKit/537.36 (KHTML, like Gecko) Chrome/72.0.3626.121 Safari/537.36 

[info] [2019-06-04 16:22:19] ::1 - GET / token:undefined - - - ms Mozilla/5.0 (Windows NT 10.0; WOW64) AppleWebKit/537.36 (KHTML, like Gecko) Chrome/72.0.3626.121 Safari/537.36 

[info] [2019-06-04 16:22:57] ::ffff:127.0.0.1 - GET / token:undefined 302 - 11.208 ms Mozilla/5.0 (Windows NT 10.0; WOW64) AppleWebKit/537.36 (KHTML, like Gecko) Chrome/72.0.3626.121 Safari/537.36 

[info] [2019-06-04 16:23:08] ::1 - GET / token:undefined 302 - 3.104 ms Mozilla/5.0 (Windows NT 10.0; WOW64) AppleWebKit/537.36 (KHTML, like Gecko) Chrome/72.0.3626.121 Safari/537.36 

[info] [2019-06-04 16:33:37] ::1 - GET / token:undefined 302 - 2.943 ms Mozilla/5.0 (Windows NT 10.0; WOW64) AppleWebKit/537.36 (KHTML, like Gecko) Chrome/72.0.3626.121 Safari/537.36 

[info] [2019-06-04 16:45:37] ::1 - GET / token:undefined 302 - 12.338 ms Mozilla/5.0 (Windows NT 10.0; WOW64) AppleWebKit/537.36 (KHTML, like Gecko) Chrome/72.0.3626.121 Safari/537.36 

[info] [2019-06-04 16:55:41] ::1 - GET / token:undefined 500 - 16.140 ms Mozilla/5.0 (Windows NT 10.0; WOW64) AppleWebKit/537.36 (KHTML, like Gecko) Chrome/72.0.3626.121 Safari/537.36 

[info] [2019-06-04 16:55:42] ::1 - GET /favicon.ico token:undefined 304 http://localhost:3001/ 1.793 ms Mozilla/5.0 (Windows NT 10.0; WOW64) AppleWebKit/537.36 (KHTML, like Gecko) Chrome/72.0.3626.121 Safari/537.36 

[info] [2019-06-04 16:55:44] ::1 - GET / token:undefined 500 - 1.515 ms Mozilla/5.0 (Windows NT 10.0; WOW64) AppleWebKit/537.36 (KHTML, like Gecko) Chrome/72.0.3626.121 Safari/537.36 

[info] [2019-06-04 16:55:44] ::1 - GET /favicon.ico token:undefined 200 http://localhost:3001/ 2.512 ms Mozilla/5.0 (Windows NT 10.0; WOW64) AppleWebKit/537.36 (KHTML, like Gecko) Chrome/72.0.3626.121 Safari/537.36 

[info] [2019-06-04 16:56:00] ::1 - GET / token:undefined 500 - 15.642 ms Mozilla/5.0 (Windows NT 10.0; WOW64) AppleWebKit/537.36 (KHTML, like Gecko) Chrome/72.0.3626.121 Safari/537.36 

[info] [2019-06-04 16:56:00] ::1 - GET /favicon.ico token:undefined 200 http://localhost:3001/ 1.547 ms Mozilla/5.0 (Windows NT 10.0; WOW64) AppleWebKit/537.36 (KHTML, like Gecko) Chrome/72.0.3626.121 Safari/537.36 

[info] [2019-06-04 16:56:01] ::1 - GET / token:undefined 500 - 1.872 ms Mozilla/5.0 (Windows NT 10.0; WOW64) AppleWebKit/537.36 (KHTML, like Gecko) Chrome/72.0.3626.121 Safari/537.36 

[info] [2019-06-04 16:56:01] ::1 - GET /favicon.ico token:undefined 200 http://localhost:3001/ 0.494 ms Mozilla/5.0 (Windows NT 10.0; WOW64) AppleWebKit/537.36 (KHTML, like Gecko) Chrome/72.0.3626.121 Safari/537.36 

[info] [2019-06-04 16:56:02] ::1 - GET / token:undefined 500 - 0.974 ms Mozilla/5.0 (Windows NT 10.0; WOW64) AppleWebKit/537.36 (KHTML, like Gecko) Chrome/72.0.3626.121 Safari/537.36 

[info] [2019-06-04 16:56:02] ::1 - GET /favicon.ico token:undefined 200 http://localhost:3001/ 0.393 ms Mozilla/5.0 (Windows NT 10.0; WOW64) AppleWebKit/537.36 (KHTML, like Gecko) Chrome/72.0.3626.121 Safari/537.36 

[info] [2019-06-04 16:56:36] ::1 - GET / token:undefined 302 - 10.315 ms Mozilla/5.0 (Windows NT 10.0; WOW64) AppleWebKit/537.36 (KHTML, like Gecko) Chrome/72.0.3626.121 Safari/537.36 

[info] [2019-06-04 18:00:25] ::1 - OPTIONS /api/address/show token:undefined 200 http://find.du-u.top/apidoc/ 7.346 ms Mozilla/5.0 (Windows NT 10.0; WOW64) AppleWebKit/537.36 (KHTML, like Gecko) Chrome/72.0.3626.121 Safari/537.36 

[info] [2019-06-04 18:00:26] ::1 - OPTIONS /api/address/show token:undefined 200 http://find.du-u.top/apidoc/ 0.733 ms Mozilla/5.0 (Windows NT 10.0; WOW64) AppleWebKit/537.36 (KHTML, like Gecko) Chrome/72.0.3626.121 Safari/537.36 

[info] [2019-06-04 18:05:02] ::1 - GET /apidoc/api/address/show token:2Wd5wvvxDYUfXrYHbPZh6nTnsF9P8h3P7fh0Il8WT9xavXfOCTK8yyPQSLxl6EaBjYNLZZbCZmt1A8nIlcP0oD3OeIBRTVJG3FdywuPkzxSS 200 http://localhost:3001/apidoc/ 7.421 ms Mozilla/5.0 (Windows NT 10.0; WOW64) AppleWebKit/537.36 (KHTML, like Gecko) Chrome/72.0.3626.121 Safari/537.36 

[info] [2019-06-04 18:25:56] ::1 - OPTIONS /api/address/show token:undefined 200 http://find.du-u.top/apidoc/ 6.982 ms Mozilla/5.0 (Windows NT 10.0; WOW64) AppleWebKit/537.36 (KHTML, like Gecko) Chrome/72.0.3626.121 Safari/537.36 

